{"D:\\aldrie\\Projects\\BrazilMocker\\src\\index.ts": {"path":"D:\\aldrie\\Projects\\BrazilMocker\\src\\index.ts","statementMap":{"0":{"start":{"line":1,"column":0},"end":{"line":1,"column":7}},"1":{"start":{"line":4,"column":1},"end":{"line":1,"column":31}},"2":{"start":{"line":7,"column":0},"end":{"line":9,"column":2}}},"fnMap":{},"branchMap":{},"s":{"0":1,"1":1,"2":1},"f":{},"b":{}}
,"D:\\aldrie\\Projects\\BrazilMocker\\src\\core\\Form.ts": {"path":"D:\\aldrie\\Projects\\BrazilMocker\\src\\core\\Form.ts","statementMap":{"0":{"start":{"line":1,"column":0},"end":{"line":1,"column":46}},"1":{"start":{"line":2,"column":0},"end":{"line":2,"column":46}},"2":{"start":{"line":4,"column":0},"end":{"line":4,"column":44}},"3":{"start":{"line":5,"column":0},"end":{"line":5,"column":44}},"4":{"start":{"line":7,"column":0},"end":{"line":7,"column":56}},"5":{"start":{"line":8,"column":0},"end":{"line":8,"column":54}},"6":{"start":{"line":9,"column":0},"end":{"line":9,"column":54}},"7":{"start":{"line":11,"column":0},"end":{"line":11,"column":60}},"8":{"start":{"line":12,"column":0},"end":{"line":12,"column":60}},"9":{"start":{"line":14,"column":13},"end":{"line":43,"column":2}},"10":{"start":{"line":45,"column":0},"end":{"line":45,"column":20}}},"fnMap":{},"branchMap":{},"s":{"0":1,"1":1,"2":1,"3":1,"4":1,"5":1,"6":1,"7":1,"8":1,"9":1,"10":1},"f":{},"b":{}}
,"D:\\aldrie\\Projects\\BrazilMocker\\src\\generators\\cnpj.ts": {"path":"D:\\aldrie\\Projects\\BrazilMocker\\src\\generators\\cnpj.ts","statementMap":{"0":{"start":{"line":1,"column":0},"end":{"line":1,"column":57}},"1":{"start":{"line":2,"column":0},"end":{"line":2,"column":54}},"2":{"start":{"line":3,"column":0},"end":{"line":3,"column":79}},"3":{"start":{"line":4,"column":0},"end":{"line":4,"column":46}},"4":{"start":{"line":7,"column":1},"end":{"line":23,"column":null}},"5":{"start":{"line":8,"column":22},"end":{"line":9,"column":44}},"6":{"start":{"line":11,"column":29},"end":{"line":11,"column":88}},"7":{"start":{"line":12,"column":23},"end":{"line":12,"column":84}},"8":{"start":{"line":12,"column":67},"end":{"line":12,"column":81}},"9":{"start":{"line":13,"column":21},"end":{"line":13,"column":61}},"10":{"start":{"line":15,"column":22},"end":{"line":15,"column":52}},"11":{"start":{"line":16,"column":32},"end":{"line":16,"column":94}},"12":{"start":{"line":17,"column":26},"end":{"line":17,"column":90}},"13":{"start":{"line":17,"column":73},"end":{"line":17,"column":87}},"14":{"start":{"line":18,"column":22},"end":{"line":18,"column":68}},"15":{"start":{"line":20,"column":2},"end":{"line":20,"column":60}},"16":{"start":{"line":22,"column":2},"end":{"line":22,"column":44}},"17":{"start":{"line":6,"column":0},"end":{"line":6,"column":24}}},"fnMap":{"0":{"name":"generateCnpj","decl":{"start":{"line":6,"column":24},"end":{"line":6,"column":36}},"loc":{"start":{"line":6,"column":62},"end":{"line":24,"column":1}}},"1":{"name":"(anonymous_2)","decl":{"start":{"line":12,"column":49},"end":{"line":12,"column":50}},"loc":{"start":{"line":12,"column":62},"end":{"line":12,"column":70}}},"2":{"name":"(anonymous_3)","decl":{"start":{"line":17,"column":55},"end":{"line":17,"column":56}},"loc":{"start":{"line":17,"column":68},"end":{"line":17,"column":76}}}},"branchMap":{"0":{"loc":{"start":{"line":8,"column":40},"end":{"line":8,"column":83}},"type":"cond-expr","locations":[{"start":{"line":8,"column":40},"end":{"line":8,"column":83}},{"start":{"line":9,"column":5},"end":{"line":9,"column":44}}]},"1":{"loc":{"start":{"line":13,"column":40},"end":{"line":13,"column":41}},"type":"cond-expr","locations":[{"start":{"line":13,"column":40},"end":{"line":13,"column":41}},{"start":{"line":13,"column":44},"end":{"line":13,"column":61}}]},"2":{"loc":{"start":{"line":18,"column":44},"end":{"line":18,"column":45}},"type":"cond-expr","locations":[{"start":{"line":18,"column":44},"end":{"line":18,"column":45}},{"start":{"line":18,"column":48},"end":{"line":18,"column":68}}]}},"s":{"0":1,"1":1,"2":1,"3":1,"4":2,"5":2,"6":2,"7":2,"8":22,"9":2,"10":2,"11":2,"12":2,"13":24,"14":2,"15":2,"16":0,"17":1},"f":{"0":2,"1":22,"2":24},"b":{"0":[1,1],"1":[0,2],"2":[0,2]}}
,"D:\\aldrie\\Projects\\BrazilMocker\\src\\generators\\cpf.ts": {"path":"D:\\aldrie\\Projects\\BrazilMocker\\src\\generators\\cpf.ts","statementMap":{"0":{"start":{"line":1,"column":0},"end":{"line":1,"column":57}},"1":{"start":{"line":2,"column":0},"end":{"line":2,"column":54}},"2":{"start":{"line":3,"column":0},"end":{"line":3,"column":46}},"3":{"start":{"line":4,"column":0},"end":{"line":4,"column":77}},"4":{"start":{"line":7,"column":1},"end":{"line":21,"column":null}},"5":{"start":{"line":8,"column":22},"end":{"line":8,"column":116}},"6":{"start":{"line":9,"column":29},"end":{"line":9,"column":75}},"7":{"start":{"line":10,"column":23},"end":{"line":10,"column":85}},"8":{"start":{"line":10,"column":67},"end":{"line":10,"column":81}},"9":{"start":{"line":11,"column":21},"end":{"line":11,"column":61}},"10":{"start":{"line":13,"column":22},"end":{"line":13,"column":53}},"11":{"start":{"line":14,"column":32},"end":{"line":14,"column":81}},"12":{"start":{"line":15,"column":26},"end":{"line":15,"column":91}},"13":{"start":{"line":15,"column":73},"end":{"line":15,"column":87}},"14":{"start":{"line":16,"column":22},"end":{"line":16,"column":68}},"15":{"start":{"line":18,"column":2},"end":{"line":18,"column":60}},"16":{"start":{"line":20,"column":2},"end":{"line":20,"column":43}},"17":{"start":{"line":6,"column":0},"end":{"line":6,"column":24}}},"fnMap":{"0":{"name":"generateCpf","decl":{"start":{"line":6,"column":24},"end":{"line":6,"column":35}},"loc":{"start":{"line":6,"column":57},"end":{"line":22,"column":1}}},"1":{"name":"(anonymous_2)","decl":{"start":{"line":10,"column":49},"end":{"line":10,"column":50}},"loc":{"start":{"line":10,"column":62},"end":{"line":10,"column":70}}},"2":{"name":"(anonymous_3)","decl":{"start":{"line":15,"column":55},"end":{"line":15,"column":56}},"loc":{"start":{"line":15,"column":68},"end":{"line":15,"column":76}}}},"branchMap":{"0":{"loc":{"start":{"line":8,"column":37},"end":{"line":8,"column":75}},"type":"cond-expr","locations":[{"start":{"line":8,"column":37},"end":{"line":8,"column":75}},{"start":{"line":8,"column":78},"end":{"line":8,"column":116}}]},"1":{"loc":{"start":{"line":11,"column":40},"end":{"line":11,"column":41}},"type":"cond-expr","locations":[{"start":{"line":11,"column":40},"end":{"line":11,"column":41}},{"start":{"line":11,"column":44},"end":{"line":11,"column":61}}]},"2":{"loc":{"start":{"line":16,"column":44},"end":{"line":16,"column":45}},"type":"cond-expr","locations":[{"start":{"line":16,"column":44},"end":{"line":16,"column":45}},{"start":{"line":16,"column":48},"end":{"line":16,"column":68}}]}},"s":{"0":1,"1":1,"2":1,"3":1,"4":3,"5":3,"6":3,"7":3,"8":24,"9":3,"10":3,"11":3,"12":3,"13":27,"14":3,"15":3,"16":0,"17":1},"f":{"0":3,"1":24,"2":27},"b":{"0":[2,1],"1":[0,3],"2":[0,3]}}
,"D:\\aldrie\\Projects\\BrazilMocker\\src\\generators\\firstName.ts": {"path":"D:\\aldrie\\Projects\\BrazilMocker\\src\\generators\\firstName.ts","statementMap":{"0":{"start":{"line":1,"column":0},"end":{"line":1,"column":58}},"1":{"start":{"line":2,"column":0},"end":{"line":2,"column":55}},"2":{"start":{"line":3,"column":0},"end":{"line":3,"column":43}},"3":{"start":{"line":5,"column":76},"end":{"line":5,"column":null}},"4":{"start":{"line":6,"column":1},"end":{"line":35,"column":null}},"5":{"start":{"line":7,"column":20},"end":{"line":7,"column":21}},"6":{"start":{"line":9,"column":2},"end":{"line":13,"column":null}},"7":{"start":{"line":10,"column":3},"end":{"line":10,"column":79}},"8":{"start":{"line":11,"column":3},"end":{"line":12,"column":40}},"9":{"start":{"line":15,"column":2},"end":{"line":19,"column":null}},"10":{"start":{"line":16,"column":3},"end":{"line":16,"column":81}},"11":{"start":{"line":17,"column":3},"end":{"line":18,"column":42}},"12":{"start":{"line":21,"column":23},"end":{"line":21,"column":55}},"13":{"start":{"line":23,"column":2},"end":{"line":27,"column":null}},"14":{"start":{"line":24,"column":3},"end":{"line":24,"column":79}},"15":{"start":{"line":25,"column":3},"end":{"line":26,"column":40}},"16":{"start":{"line":29,"column":2},"end":{"line":29,"column":80}},"17":{"start":{"line":30,"column":2},"end":{"line":31,"column":41}},"18":{"start":{"line":34,"column":2},"end":{"line":34,"column":49}},"19":{"start":{"line":5,"column":0},"end":{"line":5,"column":24}}},"fnMap":{"0":{"name":"generateFirstName","decl":{"start":{"line":5,"column":24},"end":{"line":5,"column":41}},"loc":{"start":{"line":5,"column":101},"end":{"line":36,"column":1}}}},"branchMap":{"0":{"loc":{"start":{"line":5,"column":76},"end":{"line":5,"column":null}},"type":"if","locations":[{"start":{"line":5,"column":76},"end":{"line":5,"column":null}},{"start":{"line":5,"column":76},"end":{"line":5,"column":null}}]},"1":{"loc":{"start":{"line":9,"column":2},"end":{"line":13,"column":null}},"type":"if","locations":[{"start":{"line":9,"column":2},"end":{"line":13,"column":null}},{"start":{"line":9,"column":2},"end":{"line":13,"column":null}}]},"2":{"loc":{"start":{"line":11,"column":21},"end":{"line":11,"column":76}},"type":"cond-expr","locations":[{"start":{"line":11,"column":21},"end":{"line":11,"column":76}},{"start":{"line":12,"column":6},"end":{"line":12,"column":39}}]},"3":{"loc":{"start":{"line":15,"column":2},"end":{"line":19,"column":null}},"type":"if","locations":[{"start":{"line":15,"column":2},"end":{"line":19,"column":null}},{"start":{"line":15,"column":2},"end":{"line":19,"column":null}}]},"4":{"loc":{"start":{"line":17,"column":21},"end":{"line":17,"column":78}},"type":"cond-expr","locations":[{"start":{"line":17,"column":21},"end":{"line":17,"column":78}},{"start":{"line":18,"column":6},"end":{"line":18,"column":41}}]},"5":{"loc":{"start":{"line":23,"column":2},"end":{"line":27,"column":null}},"type":"if","locations":[{"start":{"line":23,"column":2},"end":{"line":27,"column":null}},{"start":{"line":23,"column":2},"end":{"line":27,"column":null}}]},"6":{"loc":{"start":{"line":25,"column":21},"end":{"line":25,"column":76}},"type":"cond-expr","locations":[{"start":{"line":25,"column":21},"end":{"line":25,"column":76}},{"start":{"line":26,"column":6},"end":{"line":26,"column":39}}]},"7":{"loc":{"start":{"line":30,"column":20},"end":{"line":30,"column":77}},"type":"cond-expr","locations":[{"start":{"line":30,"column":20},"end":{"line":30,"column":77}},{"start":{"line":31,"column":5},"end":{"line":31,"column":40}}]}},"s":{"0":1,"1":1,"2":1,"3":7,"4":4,"5":4,"6":4,"7":2,"8":2,"9":2,"10":1,"11":1,"12":1,"13":1,"14":1,"15":1,"16":0,"17":0,"18":0,"19":1},"f":{"0":4},"b":{"0":[3,1],"1":[2,2],"2":[2,0],"3":[1,1],"4":[1,0],"5":[1,0],"6":[1,0],"7":[0,0]}}
,"D:\\aldrie\\Projects\\BrazilMocker\\src\\generators\\fullName.ts": {"path":"D:\\aldrie\\Projects\\BrazilMocker\\src\\generators\\fullName.ts","statementMap":{"0":{"start":{"line":1,"column":0},"end":{"line":1,"column":44}},"1":{"start":{"line":2,"column":0},"end":{"line":2,"column":42}},"2":{"start":{"line":3,"column":0},"end":{"line":3,"column":58}},"3":{"start":{"line":6,"column":1},"end":{"line":6,"column":null}},"4":{"start":{"line":7,"column":1},"end":{"line":7,"column":null}},"5":{"start":{"line":8,"column":1},"end":{"line":8,"column":null}},"6":{"start":{"line":10,"column":1},"end":{"line":41,"column":null}},"7":{"start":{"line":11,"column":18},"end":{"line":13,"column":44}},"8":{"start":{"line":15,"column":28},"end":{"line":15,"column":30}},"9":{"start":{"line":17,"column":17},"end":{"line":17,"column":19}},"10":{"start":{"line":20,"column":21},"end":{"line":20,"column":48}},"11":{"start":{"line":21,"column":3},"end":{"line":23,"column":null}},"12":{"start":{"line":21,"column":32},"end":{"line":21,"column":51}},"13":{"start":{"line":22,"column":4},"end":{"line":22,"column":30}},"14":{"start":{"line":19,"column":2},"end":{"line":25,"column":null}},"15":{"start":{"line":27,"column":2},"end":{"line":34,"column":null}},"16":{"start":{"line":28,"column":3},"end":{"line":33,"column":6}},"17":{"start":{"line":29,"column":4},"end":{"line":31,"column":null}},"18":{"start":{"line":30,"column":5},"end":{"line":30,"column":17}},"19":{"start":{"line":32,"column":4},"end":{"line":32,"column":46}},"20":{"start":{"line":36,"column":2},"end":{"line":36,"column":51}},"21":{"start":{"line":38,"column":2},"end":{"line":38,"column":18}},"22":{"start":{"line":40,"column":2},"end":{"line":40,"column":48}},"23":{"start":{"line":5,"column":0},"end":{"line":5,"column":24}}},"fnMap":{"0":{"name":"fullName","decl":{"start":{"line":5,"column":24},"end":{"line":5,"column":32}},"loc":{"start":{"line":8,"column":29},"end":{"line":42,"column":1}}},"1":{"name":"(anonymous_3)","decl":{"start":{"line":21,"column":24},"end":{"line":21,"column":28}},"loc":{"start":{"line":21,"column":28},"end":{"line":21,"column":36}}},"2":{"name":"(anonymous_4)","decl":{"start":{"line":28,"column":29},"end":{"line":28,"column":30}},"loc":{"start":{"line":28,"column":41},"end":{"line":33,"column":4}}}},"branchMap":{"0":{"loc":{"start":{"line":6,"column":1},"end":{"line":6,"column":null}},"type":"if","locations":[{"start":{"line":6,"column":1},"end":{"line":6,"column":null}},{"start":{"line":6,"column":1},"end":{"line":6,"column":null}}]},"1":{"loc":{"start":{"line":7,"column":1},"end":{"line":7,"column":null}},"type":"if","locations":[{"start":{"line":7,"column":1},"end":{"line":7,"column":null}},{"start":{"line":7,"column":1},"end":{"line":7,"column":null}}]},"2":{"loc":{"start":{"line":8,"column":1},"end":{"line":8,"column":null}},"type":"if","locations":[{"start":{"line":8,"column":1},"end":{"line":8,"column":null}},{"start":{"line":8,"column":1},"end":{"line":8,"column":null}}]},"3":{"loc":{"start":{"line":11,"column":27},"end":{"line":11,"column":63}},"type":"cond-expr","locations":[{"start":{"line":11,"column":27},"end":{"line":11,"column":63}},{"start":{"line":12,"column":5},"end":{"line":13,"column":44}}]},"4":{"loc":{"start":{"line":12,"column":40},"end":{"line":12,"column":76}},"type":"cond-expr","locations":[{"start":{"line":12,"column":40},"end":{"line":12,"column":76}},{"start":{"line":13,"column":6},"end":{"line":13,"column":44}}]},"5":{"loc":{"start":{"line":21,"column":3},"end":{"line":23,"column":null}},"type":"if","locations":[{"start":{"line":21,"column":3},"end":{"line":23,"column":null}},{"start":{"line":21,"column":3},"end":{"line":23,"column":null}}]},"6":{"loc":{"start":{"line":27,"column":2},"end":{"line":34,"column":null}},"type":"if","locations":[{"start":{"line":27,"column":2},"end":{"line":34,"column":null}},{"start":{"line":27,"column":2},"end":{"line":34,"column":null}}]},"7":{"loc":{"start":{"line":29,"column":4},"end":{"line":31,"column":null}},"type":"if","locations":[{"start":{"line":29,"column":4},"end":{"line":31,"column":null}},{"start":{"line":29,"column":4},"end":{"line":31,"column":null}}]}},"s":{"0":1,"1":1,"2":1,"3":1,"4":1,"5":1,"6":1,"7":1,"8":1,"9":1,"10":3,"11":3,"12":3,"13":3,"14":1,"15":1,"16":1,"17":3,"18":1,"19":2,"20":1,"21":1,"22":0,"23":1},"f":{"0":1,"1":3,"2":3},"b":{"0":[0,1],"1":[0,1],"2":[0,1],"3":[0,1],"4":[1,0],"5":[3,0],"6":[1,0],"7":[1,2]}}
,"D:\\aldrie\\Projects\\BrazilMocker\\src\\generators\\lastName.ts": {"path":"D:\\aldrie\\Projects\\BrazilMocker\\src\\generators\\lastName.ts","statementMap":{"0":{"start":{"line":1,"column":0},"end":{"line":1,"column":58}},"1":{"start":{"line":2,"column":0},"end":{"line":2,"column":55}},"2":{"start":{"line":3,"column":0},"end":{"line":3,"column":43}},"3":{"start":{"line":5,"column":41},"end":{"line":5,"column":null}},"4":{"start":{"line":6,"column":1},"end":{"line":13,"column":null}},"5":{"start":{"line":7,"column":22},"end":{"line":7,"column":71}},"6":{"start":{"line":9,"column":2},"end":{"line":10,"column":33}},"7":{"start":{"line":12,"column":2},"end":{"line":12,"column":48}},"8":{"start":{"line":5,"column":0},"end":{"line":5,"column":24}}},"fnMap":{"0":{"name":"generateLastName","decl":{"start":{"line":5,"column":24},"end":{"line":5,"column":40}},"loc":{"start":{"line":5,"column":66},"end":{"line":14,"column":1}}}},"branchMap":{"0":{"loc":{"start":{"line":5,"column":41},"end":{"line":5,"column":null}},"type":"if","locations":[{"start":{"line":5,"column":41},"end":{"line":5,"column":null}},{"start":{"line":5,"column":41},"end":{"line":5,"column":null}}]},"1":{"loc":{"start":{"line":9,"column":21},"end":{"line":9,"column":70}},"type":"cond-expr","locations":[{"start":{"line":9,"column":21},"end":{"line":9,"column":70}},{"start":{"line":10,"column":5},"end":{"line":10,"column":32}}]}},"s":{"0":1,"1":1,"2":1,"3":5,"4":4,"5":4,"6":4,"7":0,"8":1},"f":{"0":4},"b":{"0":[1,3],"1":[4,0]}}
,"D:\\aldrie\\Projects\\BrazilMocker\\src\\generators\\phoneNumber.ts": {"path":"D:\\aldrie\\Projects\\BrazilMocker\\src\\generators\\phoneNumber.ts","statementMap":{"0":{"start":{"line":1,"column":0},"end":{"line":1,"column":51}},"1":{"start":{"line":2,"column":0},"end":{"line":2,"column":54}},"2":{"start":{"line":3,"column":0},"end":{"line":3,"column":91}},"3":{"start":{"line":5,"column":44},"end":{"line":5,"column":73}},"4":{"start":{"line":5,"column":73},"end":{"line":5,"column":null}},"5":{"start":{"line":6,"column":1},"end":{"line":22,"column":null}},"6":{"start":{"line":7,"column":20},"end":{"line":7,"column":22}},"7":{"start":{"line":9,"column":28},"end":{"line":9,"column":66}},"8":{"start":{"line":10,"column":25},"end":{"line":10,"column":67}},"9":{"start":{"line":11,"column":20},"end":{"line":11,"column":46}},"10":{"start":{"line":13,"column":2},"end":{"line":17,"column":null}},"11":{"start":{"line":14,"column":3},"end":{"line":14,"column":144}},"12":{"start":{"line":16,"column":3},"end":{"line":16,"column":88}},"13":{"start":{"line":19,"column":2},"end":{"line":19,"column":21}},"14":{"start":{"line":21,"column":2},"end":{"line":21,"column":51}},"15":{"start":{"line":5,"column":0},"end":{"line":5,"column":24}}},"fnMap":{"0":{"name":"generatePhoneNumber","decl":{"start":{"line":5,"column":24},"end":{"line":5,"column":43}},"loc":{"start":{"line":5,"column":96},"end":{"line":23,"column":1}}}},"branchMap":{"0":{"loc":{"start":{"line":5,"column":44},"end":{"line":5,"column":73}},"type":"if","locations":[{"start":{"line":5,"column":44},"end":{"line":5,"column":73}},{"start":{"line":5,"column":44},"end":{"line":5,"column":73}}]},"1":{"loc":{"start":{"line":5,"column":73},"end":{"line":5,"column":null}},"type":"if","locations":[{"start":{"line":5,"column":73},"end":{"line":5,"column":null}},{"start":{"line":5,"column":73},"end":{"line":5,"column":null}}]},"2":{"loc":{"start":{"line":13,"column":2},"end":{"line":17,"column":null}},"type":"if","locations":[{"start":{"line":13,"column":2},"end":{"line":17,"column":null}},{"start":{"line":13,"column":2},"end":{"line":17,"column":null}}]},"3":{"loc":{"start":{"line":14,"column":33},"end":{"line":14,"column":38}},"type":"cond-expr","locations":[{"start":{"line":14,"column":33},"end":{"line":14,"column":38}},{"start":{"line":14,"column":41},"end":{"line":14,"column":43}}]},"4":{"loc":{"start":{"line":16,"column":33},"end":{"line":16,"column":38}},"type":"cond-expr","locations":[{"start":{"line":16,"column":33},"end":{"line":16,"column":38}},{"start":{"line":16,"column":41},"end":{"line":16,"column":43}}]}},"s":{"0":1,"1":1,"2":1,"3":1,"4":1,"5":1,"6":1,"7":1,"8":1,"9":1,"10":1,"11":1,"12":0,"13":1,"14":0,"15":1},"f":{"0":1},"b":{"0":[0,1],"1":[0,1],"2":[1,0],"3":[1,0],"4":[0,0]}}
,"D:\\aldrie\\Projects\\BrazilMocker\\src\\generators\\randomGenerators.ts": {"path":"D:\\aldrie\\Projects\\BrazilMocker\\src\\generators\\randomGenerators.ts","statementMap":{"0":{"start":{"line":1,"column":63},"end":{"line":1,"column":null}},"1":{"start":{"line":2,"column":1},"end":{"line":6,"column":null}},"2":{"start":{"line":3,"column":2},"end":{"line":3,"column":23}},"3":{"start":{"line":4,"column":2},"end":{"line":4,"column":24}},"4":{"start":{"line":5,"column":2},"end":{"line":5,"column":59}},"5":{"start":{"line":7,"column":1},"end":{"line":7,"column":42}},"6":{"start":{"line":1,"column":0},"end":{"line":1,"column":16}},"7":{"start":{"line":11,"column":15},"end":{"line":11,"column":17}},"8":{"start":{"line":13,"column":1},"end":{"line":15,"column":null}},"9":{"start":{"line":13,"column":14},"end":{"line":13,"column":15}},"10":{"start":{"line":14,"column":2},"end":{"line":14,"column":78}},"11":{"start":{"line":17,"column":1},"end":{"line":17,"column":14}},"12":{"start":{"line":10,"column":0},"end":{"line":10,"column":16}}},"fnMap":{"0":{"name":"generateRandomNumber","decl":{"start":{"line":1,"column":16},"end":{"line":1,"column":36}},"loc":{"start":{"line":1,"column":86},"end":{"line":8,"column":1}}},"1":{"name":"generateRandomArray","decl":{"start":{"line":10,"column":16},"end":{"line":10,"column":35}},"loc":{"start":{"line":10,"column":69},"end":{"line":18,"column":1}}}},"branchMap":{"0":{"loc":{"start":{"line":1,"column":63},"end":{"line":1,"column":null}},"type":"if","locations":[{"start":{"line":1,"column":63},"end":{"line":1,"column":null}},{"start":{"line":1,"column":63},"end":{"line":1,"column":null}}]},"1":{"loc":{"start":{"line":2,"column":1},"end":{"line":6,"column":null}},"type":"if","locations":[{"start":{"line":2,"column":1},"end":{"line":6,"column":null}},{"start":{"line":2,"column":1},"end":{"line":6,"column":null}}]}},"s":{"0":46,"1":40,"2":40,"3":40,"4":40,"5":0,"6":1,"7":3,"8":3,"9":3,"10":29,"11":3,"12":1},"f":{"0":40,"1":3},"b":{"0":[6,34],"1":[40,0]}}
,"D:\\aldrie\\Projects\\BrazilMocker\\src\\resources\\contacts\\DDD.ts": {"path":"D:\\aldrie\\Projects\\BrazilMocker\\src\\resources\\contacts\\DDD.ts","statementMap":{"0":{"start":{"line":1,"column":13},"end":{"line":69,"column":2}}},"fnMap":{},"branchMap":{},"s":{"0":1},"f":{},"b":{}}
,"D:\\aldrie\\Projects\\BrazilMocker\\src\\resources\\contacts\\index.ts": {"path":"D:\\aldrie\\Projects\\BrazilMocker\\src\\resources\\contacts\\index.ts","statementMap":{"0":{"start":{"line":1,"column":0},"end":{"line":1,"column":9}},"1":{"start":{"line":4,"column":9},"end":{"line":1,"column":29}}},"fnMap":{},"branchMap":{},"s":{"0":1,"1":1},"f":{},"b":{}}
,"D:\\aldrie\\Projects\\BrazilMocker\\src\\resources\\names\\firstName.ts": {"path":"D:\\aldrie\\Projects\\BrazilMocker\\src\\resources\\names\\firstName.ts","statementMap":{"0":{"start":{"line":1,"column":13},"end":{"line":26,"column":2}},"1":{"start":{"line":28,"column":13},"end":{"line":57,"column":2}}},"fnMap":{},"branchMap":{},"s":{"0":1,"1":1},"f":{},"b":{}}
,"D:\\aldrie\\Projects\\BrazilMocker\\src\\resources\\names\\index.ts": {"path":"D:\\aldrie\\Projects\\BrazilMocker\\src\\resources\\names\\index.ts","statementMap":{"0":{"start":{"line":1,"column":0},"end":{"line":1,"column":43}},"1":{"start":{"line":2,"column":0},"end":{"line":2,"column":38}},"2":{"start":{"line":4,"column":13},"end":{"line":11,"column":2}}},"fnMap":{},"branchMap":{},"s":{"0":1,"1":1,"2":1},"f":{},"b":{}}
,"D:\\aldrie\\Projects\\BrazilMocker\\src\\resources\\names\\lastName.ts": {"path":"D:\\aldrie\\Projects\\BrazilMocker\\src\\resources\\names\\lastName.ts","statementMap":{"0":{"start":{"line":1,"column":13},"end":{"line":49,"column":2}}},"fnMap":{},"branchMap":{},"s":{"0":1},"f":{},"b":{}}
,"D:\\aldrie\\Projects\\BrazilMocker\\src\\resources\\numbers\\index.ts": {"path":"D:\\aldrie\\Projects\\BrazilMocker\\src\\resources\\numbers\\index.ts","statementMap":{"0":{"start":{"line":1,"column":13},"end":{"line":1,"column":61}},"1":{"start":{"line":3,"column":13},"end":{"line":3,"column":95}}},"fnMap":{},"branchMap":{},"s":{"0":1,"1":1},"f":{},"b":{}}
,"D:\\aldrie\\Projects\\BrazilMocker\\src\\resources\\others\\index.ts": {"path":"D:\\aldrie\\Projects\\BrazilMocker\\src\\resources\\others\\index.ts","statementMap":{"0":{"start":{"line":1,"column":13},"end":{"line":1,"column":72}},"1":{"start":{"line":2,"column":13},"end":{"line":2,"column":75}},"2":{"start":{"line":4,"column":13},"end":{"line":4,"column":63}},"3":{"start":{"line":5,"column":13},"end":{"line":5,"column":67}}},"fnMap":{},"branchMap":{},"s":{"0":1,"1":1,"2":1,"3":1},"f":{},"b":{}}
,"D:\\aldrie\\Projects\\BrazilMocker\\src\\utils\\math.ts": {"path":"D:\\aldrie\\Projects\\BrazilMocker\\src\\utils\\math.ts","statementMap":{"0":{"start":{"line":2,"column":16},"end":{"line":2,"column":18}},"1":{"start":{"line":4,"column":1},"end":{"line":6,"column":null}},"2":{"start":{"line":4,"column":14},"end":{"line":4,"column":15}},"3":{"start":{"line":5,"column":2},"end":{"line":5,"column":35}},"4":{"start":{"line":8,"column":1},"end":{"line":8,"column":15}},"5":{"start":{"line":1,"column":0},"end":{"line":1,"column":16}}},"fnMap":{"0":{"name":"scalarProduct","decl":{"start":{"line":1,"column":16},"end":{"line":1,"column":29}},"loc":{"start":{"line":1,"column":62},"end":{"line":9,"column":1}}}},"branchMap":{},"s":{"0":10,"1":10,"2":10,"3":107,"4":10,"5":1},"f":{"0":10},"b":{}}
,"D:\\aldrie\\Projects\\BrazilMocker\\src\\utils\\string.ts": {"path":"D:\\aldrie\\Projects\\BrazilMocker\\src\\utils\\string.ts","statementMap":{"0":{"start":{"line":2,"column":1},"end":{"line":2,"column":57}},"1":{"start":{"line":1,"column":0},"end":{"line":1,"column":16}}},"fnMap":{"0":{"name":"captalizeFirstLetter","decl":{"start":{"line":1,"column":16},"end":{"line":1,"column":36}},"loc":{"start":{"line":1,"column":51},"end":{"line":3,"column":1}}}},"branchMap":{},"s":{"0":8,"1":1},"f":{"0":8},"b":{}}
,"D:\\aldrie\\Projects\\BrazilMocker\\src\\validators\\cnpj.ts": {"path":"D:\\aldrie\\Projects\\BrazilMocker\\src\\validators\\cnpj.ts","statementMap":{"0":{"start":{"line":1,"column":0},"end":{"line":1,"column":47}},"1":{"start":{"line":4,"column":1},"end":{"line":28,"column":null}},"2":{"start":{"line":6,"column":2},"end":{"line":8,"column":null}},"3":{"start":{"line":7,"column":3},"end":{"line":7,"column":16}},"4":{"start":{"line":11,"column":3},"end":{"line":13,"column":null}},"5":{"start":{"line":11,"column":36},"end":{"line":11,"column":59}},"6":{"start":{"line":12,"column":11},"end":{"line":12,"column":null}},"7":{"start":{"line":10,"column":2},"end":{"line":14,"column":null}},"8":{"start":{"line":10,"column":14},"end":{"line":10,"column":15}},"9":{"start":{"line":10,"column":10},"end":{"line":10,"column":14}},"10":{"start":{"line":16,"column":17},"end":{"line":16,"column":39}},"11":{"start":{"line":17,"column":20},"end":{"line":17,"column":39}},"12":{"start":{"line":18,"column":26},"end":{"line":18,"column":53}},"13":{"start":{"line":20,"column":2},"end":{"line":22,"column":null}},"14":{"start":{"line":21,"column":3},"end":{"line":21,"column":15}},"15":{"start":{"line":24,"column":2},"end":{"line":24,"column":15}},"16":{"start":{"line":27,"column":2},"end":{"line":27,"column":15}},"17":{"start":{"line":3,"column":0},"end":{"line":3,"column":24}}},"fnMap":{"0":{"name":"cnpjValidator","decl":{"start":{"line":3,"column":24},"end":{"line":3,"column":37}},"loc":{"start":{"line":3,"column":50},"end":{"line":29,"column":1}}},"1":{"name":"(anonymous_3)","decl":{"start":{"line":11,"column":27},"end":{"line":11,"column":32}},"loc":{"start":{"line":11,"column":32},"end":{"line":11,"column":41}}}},"branchMap":{"0":{"loc":{"start":{"line":6,"column":2},"end":{"line":8,"column":null}},"type":"if","locations":[{"start":{"line":6,"column":2},"end":{"line":8,"column":null}},{"start":{"line":6,"column":2},"end":{"line":8,"column":null}}]},"1":{"loc":{"start":{"line":11,"column":3},"end":{"line":13,"column":null}},"type":"if","locations":[{"start":{"line":11,"column":3},"end":{"line":13,"column":null}},{"start":{"line":11,"column":3},"end":{"line":13,"column":null}}]},"2":{"loc":{"start":{"line":20,"column":2},"end":{"line":22,"column":null}},"type":"if","locations":[{"start":{"line":20,"column":2},"end":{"line":22,"column":null}},{"start":{"line":20,"column":2},"end":{"line":22,"column":null}}]}},"s":{"0":1,"1":2,"2":2,"3":1,"4":10,"5":11,"6":0,"7":1,"8":1,"9":10,"10":1,"11":1,"12":1,"13":1,"14":1,"15":0,"16":0,"17":1},"f":{"0":2,"1":11},"b":{"0":[1,1],"1":[0,10],"2":[1,0]}}
,"D:\\aldrie\\Projects\\BrazilMocker\\src\\validators\\cpf.ts": {"path":"D:\\aldrie\\Projects\\BrazilMocker\\src\\validators\\cpf.ts","statementMap":{"0":{"start":{"line":1,"column":0},"end":{"line":1,"column":44}},"1":{"start":{"line":4,"column":1},"end":{"line":28,"column":null}},"2":{"start":{"line":6,"column":2},"end":{"line":8,"column":null}},"3":{"start":{"line":7,"column":3},"end":{"line":7,"column":16}},"4":{"start":{"line":11,"column":3},"end":{"line":13,"column":null}},"5":{"start":{"line":11,"column":35},"end":{"line":11,"column":58}},"6":{"start":{"line":12,"column":11},"end":{"line":12,"column":null}},"7":{"start":{"line":10,"column":2},"end":{"line":14,"column":null}},"8":{"start":{"line":10,"column":14},"end":{"line":10,"column":15}},"9":{"start":{"line":10,"column":10},"end":{"line":10,"column":14}},"10":{"start":{"line":16,"column":17},"end":{"line":16,"column":37}},"11":{"start":{"line":17,"column":20},"end":{"line":17,"column":36}},"12":{"start":{"line":18,"column":26},"end":{"line":18,"column":52}},"13":{"start":{"line":20,"column":2},"end":{"line":22,"column":null}},"14":{"start":{"line":21,"column":3},"end":{"line":21,"column":15}},"15":{"start":{"line":24,"column":2},"end":{"line":24,"column":15}},"16":{"start":{"line":27,"column":2},"end":{"line":27,"column":15}},"17":{"start":{"line":3,"column":0},"end":{"line":3,"column":24}}},"fnMap":{"0":{"name":"validateCpf","decl":{"start":{"line":3,"column":24},"end":{"line":3,"column":35}},"loc":{"start":{"line":3,"column":47},"end":{"line":29,"column":1}}},"1":{"name":"(anonymous_3)","decl":{"start":{"line":11,"column":26},"end":{"line":11,"column":31}},"loc":{"start":{"line":11,"column":31},"end":{"line":11,"column":40}}}},"branchMap":{"0":{"loc":{"start":{"line":6,"column":2},"end":{"line":8,"column":null}},"type":"if","locations":[{"start":{"line":6,"column":2},"end":{"line":8,"column":null}},{"start":{"line":6,"column":2},"end":{"line":8,"column":null}}]},"1":{"loc":{"start":{"line":11,"column":3},"end":{"line":13,"column":null}},"type":"if","locations":[{"start":{"line":11,"column":3},"end":{"line":13,"column":null}},{"start":{"line":11,"column":3},"end":{"line":13,"column":null}}]},"2":{"loc":{"start":{"line":20,"column":2},"end":{"line":22,"column":null}},"type":"if","locations":[{"start":{"line":20,"column":2},"end":{"line":22,"column":null}},{"start":{"line":20,"column":2},"end":{"line":22,"column":null}}]}},"s":{"0":1,"1":2,"2":2,"3":0,"4":20,"5":24,"6":0,"7":2,"8":2,"9":20,"10":2,"11":2,"12":2,"13":2,"14":1,"15":1,"16":0,"17":1},"f":{"0":2,"1":24},"b":{"0":[0,2],"1":[0,20],"2":[1,1]}}
,"D:\\aldrie\\Projects\\BrazilMocker\\src\\validators\\phoneNumber.ts": {"path":"D:\\aldrie\\Projects\\BrazilMocker\\src\\validators\\phoneNumber.ts","statementMap":{"0":{"start":{"line":2,"column":1},"end":{"line":8,"column":null}},"1":{"start":{"line":3,"column":17},"end":{"line":3,"column":42}},"2":{"start":{"line":5,"column":2},"end":{"line":5,"column":52}},"3":{"start":{"line":7,"column":2},"end":{"line":7,"column":51}},"4":{"start":{"line":1,"column":0},"end":{"line":1,"column":24}}},"fnMap":{"0":{"name":"validatePhoneNumber","decl":{"start":{"line":1,"column":24},"end":{"line":1,"column":43}},"loc":{"start":{"line":1,"column":58},"end":{"line":9,"column":1}}}},"branchMap":{"0":{"loc":{"start":{"line":5,"column":9},"end":{"line":5,"column":28}},"type":"binary-expr","locations":[{"start":{"line":5,"column":9},"end":{"line":5,"column":28}},{"start":{"line":5,"column":32},"end":{"line":5,"column":51}}]}},"s":{"0":3,"1":3,"2":3,"3":0,"4":1},"f":{"0":3},"b":{"0":[3,1]}}
}
