TN:
SF:D:\aldrie\Projects\BrazilMocker\src\index.ts
FNF:0
FNH:0
DA:1,1
DA:4,1
DA:7,1
LF:3
LH:3
BRF:0
BRH:0
end_of_record
TN:
SF:D:\aldrie\Projects\BrazilMocker\src\core\Form.ts
FNF:0
FNH:0
DA:1,1
DA:2,1
DA:4,1
DA:5,1
DA:7,1
DA:8,1
DA:9,1
DA:11,1
DA:12,1
DA:14,1
DA:45,1
LF:11
LH:11
BRF:0
BRH:0
end_of_record
TN:
SF:D:\aldrie\Projects\BrazilMocker\src\generators\cnpj.ts
FN:6,generateCnpj
FN:12,(anonymous_2)
FN:17,(anonymous_3)
FNF:3
FNH:3
FNDA:2,generateCnpj
FNDA:22,(anonymous_2)
FNDA:24,(anonymous_3)
DA:1,1
DA:2,1
DA:3,1
DA:4,1
DA:6,1
DA:7,2
DA:8,2
DA:11,2
DA:12,22
DA:13,2
DA:15,2
DA:16,2
DA:17,24
DA:18,2
DA:20,2
DA:22,0
LF:16
LH:15
BRDA:8,0,0,1
BRDA:8,0,1,1
BRDA:13,1,0,0
BRDA:13,1,1,2
BRDA:18,2,0,0
BRDA:18,2,1,2
BRF:6
BRH:4
end_of_record
TN:
SF:D:\aldrie\Projects\BrazilMocker\src\generators\cpf.ts
FN:6,generateCpf
FN:10,(anonymous_2)
FN:15,(anonymous_3)
FNF:3
FNH:3
FNDA:3,generateCpf
FNDA:24,(anonymous_2)
FNDA:27,(anonymous_3)
DA:1,1
DA:2,1
DA:3,1
DA:4,1
DA:6,1
DA:7,3
DA:8,3
DA:9,3
DA:10,24
DA:11,3
DA:13,3
DA:14,3
DA:15,27
DA:16,3
DA:18,3
DA:20,0
LF:16
LH:15
BRDA:8,0,0,2
BRDA:8,0,1,1
BRDA:11,1,0,0
BRDA:11,1,1,3
BRDA:16,2,0,0
BRDA:16,2,1,3
BRF:6
BRH:4
end_of_record
TN:
SF:D:\aldrie\Projects\BrazilMocker\src\generators\firstName.ts
FN:5,generateFirstName
FNF:1
FNH:1
FNDA:4,generateFirstName
DA:1,1
DA:2,1
DA:3,1
DA:5,7
DA:6,4
DA:7,4
DA:9,4
DA:10,2
DA:11,2
DA:15,2
DA:16,1
DA:17,1
DA:21,1
DA:23,1
DA:24,1
DA:25,1
DA:29,0
DA:30,0
DA:34,0
LF:19
LH:16
BRDA:5,0,0,3
BRDA:5,0,1,1
BRDA:9,1,0,2
BRDA:9,1,1,2
BRDA:11,2,0,2
BRDA:11,2,1,0
BRDA:15,3,0,1
BRDA:15,3,1,1
BRDA:17,4,0,1
BRDA:17,4,1,0
BRDA:23,5,0,1
BRDA:23,5,1,0
BRDA:25,6,0,1
BRDA:25,6,1,0
BRDA:30,7,0,0
BRDA:30,7,1,0
BRF:16
BRH:10
end_of_record
TN:
SF:D:\aldrie\Projects\BrazilMocker\src\generators\fullName.ts
FN:5,fullName
FN:21,(anonymous_3)
FN:28,(anonymous_4)
FNF:3
FNH:3
FNDA:1,fullName
FNDA:3,(anonymous_3)
FNDA:3,(anonymous_4)
DA:1,1
DA:2,1
DA:3,1
DA:5,1
DA:6,1
DA:7,1
DA:8,1
DA:10,1
DA:11,1
DA:15,1
DA:17,1
DA:19,1
DA:20,3
DA:21,3
DA:22,3
DA:27,1
DA:28,1
DA:29,3
DA:30,1
DA:32,2
DA:36,1
DA:38,1
DA:40,0
LF:23
LH:22
BRDA:6,0,0,0
BRDA:6,0,1,1
BRDA:7,1,0,0
BRDA:7,1,1,1
BRDA:8,2,0,0
BRDA:8,2,1,1
BRDA:11,3,0,0
BRDA:11,3,1,1
BRDA:12,4,0,1
BRDA:12,4,1,0
BRDA:21,5,0,3
BRDA:21,5,1,0
BRDA:27,6,0,1
BRDA:27,6,1,0
BRDA:29,7,0,1
BRDA:29,7,1,2
BRF:16
BRH:9
end_of_record
TN:
SF:D:\aldrie\Projects\BrazilMocker\src\generators\lastName.ts
FN:5,generateLastName
FNF:1
FNH:1
FNDA:4,generateLastName
DA:1,1
DA:2,1
DA:3,1
DA:5,5
DA:6,4
DA:7,4
DA:9,4
DA:12,0
LF:8
LH:7
BRDA:5,0,0,1
BRDA:5,0,1,3
BRDA:9,1,0,4
BRDA:9,1,1,0
BRF:4
BRH:3
end_of_record
TN:
SF:D:\aldrie\Projects\BrazilMocker\src\generators\phoneNumber.ts
FN:5,generatePhoneNumber
FNF:1
FNH:1
FNDA:1,generatePhoneNumber
DA:1,1
DA:2,1
DA:3,1
DA:5,1
DA:6,1
DA:7,1
DA:9,1
DA:10,1
DA:11,1
DA:13,1
DA:14,1
DA:16,0
DA:19,1
DA:21,0
LF:14
LH:12
BRDA:5,0,0,0
BRDA:5,0,1,1
BRDA:5,1,0,0
BRDA:5,1,1,1
BRDA:13,2,0,1
BRDA:13,2,1,0
BRDA:14,3,0,1
BRDA:14,3,1,0
BRDA:16,4,0,0
BRDA:16,4,1,0
BRF:10
BRH:4
end_of_record
TN:
SF:D:\aldrie\Projects\BrazilMocker\src\generators\randomGenerators.ts
FN:1,generateRandomNumber
FN:10,generateRandomArray
FNF:2
FNH:2
FNDA:40,generateRandomNumber
FNDA:3,generateRandomArray
DA:1,46
DA:2,40
DA:3,40
DA:4,40
DA:5,40
DA:7,0
DA:10,1
DA:11,3
DA:13,3
DA:14,29
DA:17,3
LF:11
LH:10
BRDA:1,0,0,6
BRDA:1,0,1,34
BRDA:2,1,0,40
BRDA:2,1,1,0
BRF:4
BRH:3
end_of_record
TN:
SF:D:\aldrie\Projects\BrazilMocker\src\resources\contacts\DDD.ts
FNF:0
FNH:0
DA:1,1
LF:1
LH:1
BRF:0
BRH:0
end_of_record
TN:
SF:D:\aldrie\Projects\BrazilMocker\src\resources\contacts\index.ts
FNF:0
FNH:0
DA:1,1
DA:4,1
LF:2
LH:2
BRF:0
BRH:0
end_of_record
TN:
SF:D:\aldrie\Projects\BrazilMocker\src\resources\names\firstName.ts
FNF:0
FNH:0
DA:1,1
DA:28,1
LF:2
LH:2
BRF:0
BRH:0
end_of_record
TN:
SF:D:\aldrie\Projects\BrazilMocker\src\resources\names\index.ts
FNF:0
FNH:0
DA:1,1
DA:2,1
DA:4,1
LF:3
LH:3
BRF:0
BRH:0
end_of_record
TN:
SF:D:\aldrie\Projects\BrazilMocker\src\resources\names\lastName.ts
FNF:0
FNH:0
DA:1,1
LF:1
LH:1
BRF:0
BRH:0
end_of_record
TN:
SF:D:\aldrie\Projects\BrazilMocker\src\resources\numbers\index.ts
FNF:0
FNH:0
DA:1,1
DA:3,1
LF:2
LH:2
BRF:0
BRH:0
end_of_record
TN:
SF:D:\aldrie\Projects\BrazilMocker\src\resources\others\index.ts
FNF:0
FNH:0
DA:1,1
DA:2,1
DA:4,1
DA:5,1
LF:4
LH:4
BRF:0
BRH:0
end_of_record
TN:
SF:D:\aldrie\Projects\BrazilMocker\src\utils\math.ts
FN:1,scalarProduct
FNF:1
FNH:1
FNDA:10,scalarProduct
DA:1,1
DA:2,10
DA:4,10
DA:5,107
DA:8,10
LF:5
LH:5
BRF:0
BRH:0
end_of_record
TN:
SF:D:\aldrie\Projects\BrazilMocker\src\utils\string.ts
FN:1,captalizeFirstLetter
FNF:1
FNH:1
FNDA:8,captalizeFirstLetter
DA:1,1
DA:2,8
LF:2
LH:2
BRF:0
BRH:0
end_of_record
TN:
SF:D:\aldrie\Projects\BrazilMocker\src\validators\cnpj.ts
FN:3,cnpjValidator
FN:11,(anonymous_3)
FNF:2
FNH:2
FNDA:2,cnpjValidator
FNDA:11,(anonymous_3)
DA:1,1
DA:3,1
DA:4,2
DA:6,2
DA:7,1
DA:10,10
DA:11,11
DA:12,0
DA:16,1
DA:17,1
DA:18,1
DA:20,1
DA:21,1
DA:24,0
DA:27,0
LF:15
LH:12
BRDA:6,0,0,1
BRDA:6,0,1,1
BRDA:11,1,0,0
BRDA:11,1,1,10
BRDA:20,2,0,1
BRDA:20,2,1,0
BRF:6
BRH:4
end_of_record
TN:
SF:D:\aldrie\Projects\BrazilMocker\src\validators\cpf.ts
FN:3,validateCpf
FN:11,(anonymous_3)
FNF:2
FNH:2
FNDA:2,validateCpf
FNDA:24,(anonymous_3)
DA:1,1
DA:3,1
DA:4,2
DA:6,2
DA:7,0
DA:10,20
DA:11,24
DA:12,0
DA:16,2
DA:17,2
DA:18,2
DA:20,2
DA:21,1
DA:24,1
DA:27,0
LF:15
LH:12
BRDA:6,0,0,0
BRDA:6,0,1,2
BRDA:11,1,0,0
BRDA:11,1,1,20
BRDA:20,2,0,1
BRDA:20,2,1,1
BRF:6
BRH:4
end_of_record
TN:
SF:D:\aldrie\Projects\BrazilMocker\src\validators\phoneNumber.ts
FN:1,validatePhoneNumber
FNF:1
FNH:1
FNDA:3,validatePhoneNumber
DA:1,1
DA:2,3
DA:3,3
DA:5,3
DA:7,0
LF:5
LH:4
BRDA:5,0,0,3
BRDA:5,0,1,1
BRF:2
BRH:2
end_of_record
